<?xml version="1.0" encoding="UTF-8"?>
<!-- Generated by org.testng.reporters.JUnitReportReporter -->
<testsuite hostname="DESKTOP-5U9N6SG" failures="0" tests="1" name="comselenium.demo.Waits_demo" time="31.585" errors="0" timestamp="2023-11-14T09:56:45 IST" skipped="0">
  <testcase classname="comselenium.demo.Waits_demo" name="method" time="31.585"/>
</testsuite> <!-- comselenium.demo.Waits_demo -->
