<?xml version="1.0" encoding="UTF-8"?>
<!-- Generated by org.testng.reporters.JUnitReportReporter -->
<testsuite hostname="DESKTOP-5U9N6SG" failures="0" tests="1" name="comselenium.demo.Demo1" time="23.139" errors="0" timestamp="2023-11-07T22:48:34 IST" skipped="0">
  <testcase classname="comselenium.demo.Demo1" name="webDriverExample" time="23.139"/>
</testsuite> <!-- comselenium.demo.Demo1 -->
