<?xml version="1.0" encoding="UTF-8"?>
<!-- Generated by org.testng.reporters.JUnitReportReporter -->
<testsuite hostname="DESKTOP-5U9N6SG" failures="0" tests="1" name="comselenium.demo.BewakoofApp_Demo" time="370.661" errors="0" timestamp="2023-11-28T08:46:19 IST" skipped="0">
  <testcase classname="comselenium.demo.BewakoofApp_Demo" name="bewakoof" time="370.661"/>
</testsuite> <!-- comselenium.demo.BewakoofApp_Demo -->
