<?xml version="1.0" encoding="UTF-8"?>
<!-- Generated by org.testng.reporters.JUnitReportReporter -->
<testsuite hostname="DESKTOP-5U9N6SG" failures="0" tests="1" name="comselenium.demo.DynamicXpath" time="12.009" errors="0" timestamp="2023-11-09T08:55:49 IST" skipped="0">
  <testcase classname="comselenium.demo.DynamicXpath" name="xpath_test" time="12.009"/>
</testsuite> <!-- comselenium.demo.DynamicXpath -->
