<?xml version="1.0" encoding="UTF-8"?>
<!-- Generated by org.testng.reporters.JUnitReportReporter -->
<testsuite hostname="DESKTOP-5U9N6SG" failures="0" tests="1" name="comselenium.demo.TextWebElements" time="26.461" errors="0" timestamp="2023-11-07T21:48:30 IST" skipped="0">
  <testcase classname="comselenium.demo.TextWebElements" name="text" time="26.461"/>
</testsuite> <!-- comselenium.demo.TextWebElements -->
