<?xml version="1.0" encoding="UTF-8"?>
<!-- Generated by org.testng.reporters.JUnitReportReporter -->
<testsuite hostname="DESKTOP-5U9N6SG" failures="0" tests="1" name="comselenium.demo.BewakoofApp" time="294.714" errors="0" timestamp="2023-11-27T17:37:29 IST" skipped="0">
  <testcase classname="comselenium.demo.BewakoofApp" name="bewakoof" time="294.714"/>
</testsuite> <!-- comselenium.demo.BewakoofApp -->
