<?xml version="1.0" encoding="UTF-8"?>
<!-- Generated by org.testng.reporters.JUnitReportReporter -->
<testsuite hostname="DESKTOP-5U9N6SG" failures="0" tests="1" name="comselenium.demo.Demo3" time="34.486" errors="0" timestamp="2023-11-14T12:15:06 IST" skipped="0">
  <testcase classname="comselenium.demo.Demo3" name="webDriverEx" time="34.486"/>
</testsuite> <!-- comselenium.demo.Demo3 -->
