<?xml version="1.0" encoding="UTF-8"?>
<!-- Generated by org.testng.reporters.JUnitReportReporter -->
<testsuite hostname="DESKTOP-5U9N6SG" failures="0" tests="1" name="comselenium.demo.EndtoEnd1" time="25.474" errors="0" timestamp="2023-11-23T10:37:30 IST" skipped="0">
  <testcase classname="comselenium.demo.EndtoEnd1" name="method" time="25.474"/>
</testsuite> <!-- comselenium.demo.EndtoEnd1 -->
