<?xml version="1.0" encoding="UTF-8"?>
<!-- Generated by org.testng.reporters.JUnitReportReporter -->
<testsuite hostname="DESKTOP-5U9N6SG" failures="0" tests="1" name="comselenium.demo.EndToEndCases" time="51.879" errors="0" timestamp="2023-11-16T22:21:01 IST" skipped="0">
  <testcase classname="comselenium.demo.EndToEndCases" name="method" time="51.879"/>
</testsuite> <!-- comselenium.demo.EndToEndCases -->
